TN:
SF:script/Read.s.sol
FN:10,Read.run
FNDA:0,Read.run
FNF:1
FNH:0
LF:0
LH:0
BRF:0
BRH:0
end_of_record
TN:
SF:script/deploy/Deploy.Goerli.s.sol
FN:9,DeployGoerli.run
FNDA:0,DeployGoerli.run
DA:10,0
FNF:1
FNH:0
LF:1
LH:0
BRF:0
BRH:0
end_of_record
TN:
SF:script/deploy/DeployBase.s.sol
FN:11,DeployBase.deploy
FNDA:0,DeployBase.deploy
DA:19,0
DA:21,0
DA:22,0
DA:28,0
DA:30,0
DA:31,0
FNF:1
FNH:0
LF:6
LH:0
BRF:0
BRH:0
end_of_record
TN:
SF:src/core/DNft.sol
FN:70,DNft.mint
FNDA:3011,DNft.mint
DA:74,3011
BRDA:74,0,0,1
BRDA:74,0,1,3010
DA:75,3010
DA:76,3009
DA:77,3009
BRDA:77,1,0,1
BRDA:77,1,1,3008
DA:78,3008
FN:82,DNft._mint
FNDA:308,DNft._mint
DA:86,307
BRDA:86,2,0,1
BRDA:86,2,1,306
DA:87,306
DA:88,306
DA:89,306
FN:93,DNft._mintNft
FNDA:3316,DNft._mintNft
DA:96,3316
DA:97,3316
DA:98,3315
DA:99,3315
FN:103,DNft.deposit
FNDA:259,DNft.deposit
DA:108,259
FN:111,DNft._deposit
FNDA:3268,DNft._deposit
DA:114,3268
DA:115,3268
DA:116,3268
FN:120,DNft.move
FNDA:259,DNft.move
DA:124,258
DA:125,257
DA:126,257
FN:130,DNft.rebase
FNDA:3,DNft.rebase
DA:133,3
DA:134,3
BRDA:134,3,0,1
BRDA:134,3,1,2
DA:135,2
DA:136,2
DA:138,2
DA:139,2
DA:141,2
DA:142,2
DA:143,2
FN:147,DNft.withdraw
FNDA:8,DNft.withdraw
DA:152,6
DA:153,5
DA:154,5
DA:155,5
BRDA:155,4,0,1
BRDA:155,4,1,4
DA:156,4
DA:157,4
DA:158,4
FN:162,DNft.redeemDyad
FNDA:2,DNft.redeemDyad
DA:165,2
DA:166,1
FN:170,DNft.redeemDeposit
FNDA:260,DNft.redeemDeposit
DA:175,258
DA:176,257
FN:180,DNft._redeem
FNDA:258,DNft._redeem
DA:183,258
DA:184,258
DA:185,258
DA:186,258
FN:190,DNft.liquidate
FNDA:3,DNft.liquidate
DA:194,3
DA:195,3
DA:196,3
BRDA:196,5,0,1
BRDA:196,5,1,2
DA:197,2
DA:198,2
BRDA:198,6,0,1
BRDA:198,6,1,1
DA:199,1
DA:200,1
FN:204,DNft.grant
FNDA:4,DNft.grant
DA:208,3
FN:212,DNft.unlock
FNDA:4,DNft.unlock
DA:217,2
DA:218,2
FN:221,DNft._addDeposit
FNDA:3270,DNft._addDeposit
DA:224,3270
DA:225,3270
DA:226,3270
DA:227,3270
DA:228,3270
DA:229,3270
FN:232,DNft._subDeposit
FNDA:264,DNft._subDeposit
DA:234,264
DA:235,264
DA:236,262
DA:237,262
DA:238,262
FN:242,DNft._deposit2Shares
FNDA:3534,DNft._deposit2Shares
DA:246,3534
DA:247,3534
BRDA:247,7,0,1048
BRDA:247,7,1,2486
DA:248,2486
DA:249,2486
BRDA:249,8,0,-
BRDA:249,8,1,2486
DA:250,2486
FN:254,DNft._eth2dyad
FNDA:3270,DNft._eth2dyad
DA:258,3270
FN:262,DNft._dyad2eth
FNDA:258,DNft._dyad2eth
DA:266,258
FN:270,DNft._getEthPrice
FNDA:3536,DNft._getEthPrice
DA:274,3536
DA:275,3536
FN:279,DNft._beforeTokenTransfer
FNDA:3316,DNft._beforeTokenTransfer
DA:286,3316
DA:287,3316
FNF:21
FNH:21
LF:76
LH:76
BRF:18
BRH:17
end_of_record
TN:
SF:src/core/Dyad.sol
FN:10,Dyad.mint
FNDA:4,Dyad.mint
DA:10,4
FN:11,Dyad.burn
FNDA:2,Dyad.burn
DA:11,2
FNF:2
FNH:2
LF:2
LH:2
BRF:0
BRH:0
end_of_record
TN:
SF:src/core/PermissionManager.sol
FN:17,PermissionManager._grant
FNDA:3,PermissionManager._grant
DA:19,3
DA:20,3
DA:21,3
BRDA:21,0,0,1
BRDA:21,0,1,2
DA:22,1
DA:24,2
DA:29,3
DA:31,3
FN:35,PermissionManager.hasPermission
FNDA:6,PermissionManager.hasPermission
DA:39,9
DA:40,9
FNF:2
FNH:2
LF:9
LH:9
BRF:2
BRH:2
end_of_record
TN:
SF:src/libraries/PermissionMath.sol
FN:8,PermissionMath._toUInt8
FNDA:0,PermissionMath._toUInt8
DA:12,0
DA:13,0
DA:14,0
FN:19,PermissionMath._hasPermission
FNDA:0,PermissionMath._hasPermission
DA:25,0
DA:26,0
FNF:2
FNH:0
LF:5
LH:0
BRF:0
BRH:0
end_of_record
TN:
SF:src/libraries/SharesMath.sol
FN:9,SharesMath.shares2Deposit
FNDA:4,SharesMath.shares2Deposit
DA:13,4
FNF:1
FNH:1
LF:1
LH:1
BRF:0
BRH:0
end_of_record
TN:
SF:test/BaseTest.sol
FN:21,BaseTest.setUp
FNDA:0,BaseTest.setUp
DA:22,0
DA:23,0
DA:24,0
DA:29,0
DA:30,0
DA:31,0
FN:34,BaseTest.overwriteNft
FNDA:0,BaseTest.overwriteNft
DA:35,0
DA:37,0
DA:39,0
FN:43,BaseTest.overwrite
FNDA:0,BaseTest.overwrite
DA:44,0
FNF:3
FNH:0
LF:10
LH:0
BRF:0
BRH:0
end_of_record
TN:
SF:test/OracleMock.sol
FN:7,OracleMock.setPrice
FNDA:2,OracleMock.setPrice
DA:8,2
FN:11,OracleMock.latestRoundData
FNDA:3536,OracleMock.latestRoundData
DA:18,3536
FNF:2
FNH:2
LF:2
LH:2
BRF:0
BRH:0
end_of_record
